<?xml version="1.0" encoding="UTF-8"?>
<!-- Generated by org.testng.reporters.JUnitReportReporter -->
<testsuite hostname="DESKTOP-S9OHCTK" failures="0" tests="2" name="MyProject.Tests.ErrorValidationTest" time="8.775" errors="0" timestamp="2024-11-20T22:07:54 IST" skipped="0">
  <testcase classname="MyProject.Tests.ErrorValidationTest" name="loginErrorValidation" time="4.397"/>
  <testcase classname="MyProject.Tests.ErrorValidationTest" name="productErrorValidation" time="4.378"/>
</testsuite> <!-- MyProject.Tests.ErrorValidationTest -->
