<?xml version="1.0" encoding="UTF-8"?>
<!-- Generated by org.testng.reporters.JUnitReportReporter -->
<testsuite hostname="DESKTOP-S9OHCTK" failures="0" tests="4" name="MyProject.Tests.SubmitOrder" time="17.550" errors="0" timestamp="2024-11-11T19:43:00 IST" skipped="0">
  <testcase classname="MyProject.Tests.SubmitOrder" name="submitOrder" time="6.747"/>
  <testcase classname="MyProject.Tests.SubmitOrder" name="orderHistory" time="2.802"/>
  <testcase classname="MyProject.Tests.SubmitOrder" name="submitOrder" time="5.254"/>
  <testcase classname="MyProject.Tests.SubmitOrder" name="orderHistory" time="2.747"/>
</testsuite> <!-- MyProject.Tests.SubmitOrder -->
