<?xml version="1.0" encoding="UTF-8"?>
<!-- Generated by org.testng.reporters.JUnitReportReporter -->
<testsuite hostname="DESKTOP-S9OHCTK" failures="0" tests="1" name="cucumber.TestNGRunner" time="6.899" errors="0" timestamp="2024-11-20T23:20:37 IST" skipped="0">
  <testcase classname="cucumber.TestNGRunner" name="runScenario" time="6.899"/>
</testsuite> <!-- cucumber.TestNGRunner -->
